../../build/bin/test_energy surf=../../Point_Sys/data/53092_sf-G_G0_subdivide937772130937772130.obj points_out=../../Point_Sys/result/53092_sf-G_G0_subdivide937772130937772130.vtk num_in_axis=10 rho=5 Poission=0.45 Young=100 res=../../Point_Sys/result/53092_sf-G_G0_subdivide937772130937772130 ker_cof=8
1 0 3
0 1 1
0 0 2
0 0 3
0 0 1
0 0 1
surf: 17990 3
nods: 8997 3
bdbox: -28.5525 -14.3708
0.941602  27.6908
 1.03553  2.61332
[INFO]genarate raw points done. size is 1000
after select: 368
[INFO]>>>>>>>>>>>>>>>>>>>POINTS<<<<<<<<<<<<<<<<<<
-26.9767 -26.9767 -26.9767 -26.9767 -26.9767 -26.9767 -26.9767 -26.9767 -26.9767 -26.9767
 3.91374  3.91374  3.91374  3.91374  3.91374  3.91374  3.91374  3.91374  6.88588  6.88588
 1.21084  1.38615  1.56146  1.73677  1.91208  2.08739   2.2627  2.43801  1.21084  1.38615
[INFO]>>>>>>>>>>>>>>>>>>>disp<<<<<<<<<<<<<<<<<<
iter is 
0
displace is 
0 0 0
0 0 0
0 0 0
0 0 0
0 0 0
velocity is 
0 0 0 0 0
0 0 0 0 0
0 0 0 0 0
def_gra 1 1 1 1 1
0 0 0 0 0
0 0 0 0 0
0 0 0 0 0
1 1 1 1 1
0 0 0 0 0
0 0 0 0 0
0 0 0 0 0
1 1 1 1 1
elasticity acce is 
0 0 0 0 0
0 0 0 0 0
0 0 0 0 0
vet displace 
0 0 0 0 0
0 0 0 0 0
0 0 0 0 0
[INFO]>>>>>>>>>>>>>>>>>>>disp<<<<<<<<<<<<<<<<<<
iter is 
1
displace is 
0 0 0
0 0 0
0 0 0
0 0 0
0 0 0
velocity is 
     0      0      0      0      0
     0      0      0      0      0
-0.245 -0.245 -0.245 -0.245 -0.245
def_gra 1 1 1 1 1
0 0 0 0 0
0 0 0 0 0
0 0 0 0 0
1 1 1 1 1
0 0 0 0 0
0 0 0 0 0
0 0 0 0 0
1 1 1 1 1
elasticity acce is 
0 0 0 0 0
0 0 0 0 0
0 0 0 0 0
vet displace 
         0          0          0          0          0
         0          0          0          0          0
-0.0154188 -0.0152397 -0.0154984 -0.0152397 -0.0154188
[INFO]>>>>>>>>>>>>>>>>>>>disp<<<<<<<<<<<<<<<<<<
iter is 
2
displace is 
      0       0 -0.0245
      0       0 -0.0245
      0       0 -0.0245
      0       0 -0.0245
      0       0 -0.0245
velocity is 
     0      0      0      0      0
     0      0      0      0      0
-0.735 -0.735 -0.735 -0.735 -0.735
def_gra       1       1       1       1       1
      0       0       0       0       0
      0       0       0       0       0
      0       0       0       0       0
      1       1       1       1       1
      0       0       0       0       0
      0       0       0       0       0
      0       0       0       0       0
1.00752       1       1       1       1
elasticity acce is 
      0       0       0       0       0
      0       0       0       0       0
25.8737 18.5761 11.1233 4.96327 2.00145
vet displace 
         0          0          0          0          0
         0          0          0          0          0
-0.0411545 -0.0469627 -0.0415742 -0.0469627 -0.0411545
[INFO]>>>>>>>>>>>>>>>>>>>disp<<<<<<<<<<<<<<<<<<
iter is 
3
displace is 
      0       0 -0.0735
      0       0 -0.0735
      0       0 -0.0735
      0       0 -0.0735
      0       0 -0.0735
velocity is 
     0      0      0      0      0
     0      0      0      0      0
-1.225 -1.225 -1.225 -1.225 -1.225
def_gra       1       1       1       1       1
      0       0       0       0       0
      0       0       0       0       0
      0       0       0       0       0
      1       1       1       1       1
      0       0       0       0       0
      0       0       0       0       0
      0       0       0       0       0
1.02255       1       1       1       1
elasticity acce is 
      0       0       0       0       0
      0       0       0       0       0
245.835 176.564 105.846  47.434 19.0183
vet displace 
         0          0          0          0          0
         0          0          0          0          0
-0.0772069 -0.0951693 -0.0782274 -0.0951693 -0.0772069
[INFO]>>>>>>>>>>>>>>>>>>>disp<<<<<<<<<<<<<<<<<<
iter is 
4
displace is 
     0      0 -0.147
     0      0 -0.147
     0      0 -0.147
     0      0 -0.147
     0      0 -0.147
velocity is 
     0      0      0      0      0
     0      0      0      0      0
-1.715 -1.715 -1.715 -1.715 -1.715
def_gra      1      1      1      1      1
     0      0      0      0      0
     0      0      0      0      0
     0      0      0      0      0
     1      1      1      1      1
     0      0      0      0      0
     0      0      0      0      0
     0      0      0      0      0
1.0451      1      1      1      1
elasticity acce is 
      0       0       0       0       0
      0       0       0       0       0
1061.16 762.529 457.802 206.324 82.1044
vet displace 
        0         0         0         0         0
        0         0         0         0         0
-0.123576 -0.159859 -0.125458 -0.159859 -0.123576
[INFO]>>>>>>>>>>>>>>>>>>>disp<<<<<<<<<<<<<<<<<<
iter is 
5
displace is 
     0      0 -0.245
     0      0 -0.245
     0      0 -0.245
     0      0 -0.245
     0      0 -0.245
velocity is 
     0      0      0      0      0
     0      0      0      0      0
-2.205 -2.205 -2.205 -2.205 -2.205
def_gra       1       1       1       1       1
      0       0       0       0       0
      0       0       0       0       0
      0       0       0       0       0
      1       1       1       1       1
      0       0       0       0       0
      0       0       0       0       0
      0       0       0       0       0
1.07517       1       1       1       1
elasticity acce is 
      0       0       0       0       0
      0       0       0       0       0
3235.92 2326.56 1399.15 634.556 250.406
vet displace 
        0         0         0         0         0
        0         0         0         0         0
-0.180262 -0.241033 -0.183266 -0.241033 -0.180262
[INFO]>>>>>>>>>>>>>>>>>>>disp<<<<<<<<<<<<<<<<<<
iter is 
6
displace is 
      0       0 -0.3675
      0       0 -0.3675
      0       0 -0.3675
      0       0 -0.3675
      0       0 -0.3675
velocity is 
     0      0      0      0      0
     0      0      0      0      0
-2.695 -2.695 -2.695 -2.695 -2.695
def_gra       1       1       1       1       1
      0       0       0       0       0
      0       0       0       0       0
      0       0       0       0       0
      1       1       1       1       1
      0       0       0       0       0
      0       0       0       0       0
      0       0       0       0       0
1.11276       1       1       1       1
elasticity acce is 
      0       0       0       0       0
      0       0       0       0       0
8091.52 5820.96 3506.61 1600.54 626.239
vet displace 
        0         0         0         0         0
        0         0         0         0         0
-0.247265 -0.338689 -0.251652 -0.338689 -0.247265
[INFO]>>>>>>>>>>>>>>>>>>>disp<<<<<<<<<<<<<<<<<<
iter is 
7
displace is 
      0       0 -0.5145
      0       0 -0.5145
      0       0 -0.5145
      0       0 -0.5145
      0       0 -0.5145
velocity is 
     0      0      0      0      0
     0      0      0      0      0
-3.185 -3.185 -3.185 -3.185 -3.185
def_gra       1       1       1       1       1
      0       0       0       0       0
      0       0       0       0       0
      0       0       0       0       0
      1       1       1       1       1
      0       0       0       0       0
      0       0       0       0       0
      0       0       0       0       0
1.15787       1       1       1       1
elasticity acce is 
      0       0       0       0       0
      0       0       0       0       0
17766.1 12787.8 7716.22 3543.45 1375.19
vet displace 
        0         0         0         0         0
        0         0         0         0         0
-0.324585  -0.45283 -0.330615  -0.45283 -0.324585
[INFO]>>>>>>>>>>>>>>>>>>>disp<<<<<<<<<<<<<<<<<<
iter is 
8
displace is 
     0      0 -0.686
     0      0 -0.686
     0      0 -0.686
     0      0 -0.686
     0      0 -0.686
velocity is 
     0      0      0      0      0
     0      0      0      0      0
-3.675 -3.675 -3.675 -3.675 -3.675
def_gra       1       1       1       1       1
      0       0       0       0       0
      0       0       0       0       0
      0       0       0       0       0
      1       1       1       1       1
      0       0       0       0       0
      0       0       0       0       0
      0       0       0       0       0
1.21049       1       1       1       1
elasticity acce is 
      0       0       0       0       0
      0       0       0       0       0
35538.9 25593.5 15466.7 7142.36 2751.27
vet displace 
        0         0         0         0         0
        0         0         0         0         0
-0.412221 -0.583453 -0.420155 -0.583453 -0.412221
[INFO]>>>>>>>>>>>>>>>>>>>disp<<<<<<<<<<<<<<<<<<
iter is 
9
displace is 
     0      0 -0.882
     0      0 -0.882
     0      0 -0.882
     0      0 -0.882
     0      0 -0.882
velocity is 
     0      0      0      0      0
     0      0      0      0      0
-4.165 -4.165 -4.165 -4.165 -4.165
def_gra       1       1       1       1       1
      0       0       0       0       0
      0       0       0       0       0
      0       0       0       0       0
      1       1       1       1       1
      0       0       0       0       0
      0       0       0       0       0
      0       0       0       0       0
1.27063       1       1       1       1
elasticity acce is 
      0       0       0       0       0
      0       0       0       0       0
66219.3   47710 28871.6 13399.2 5127.02
vet displace 
        0         0         0         0         0
        0         0         0         0         0
-0.510174  -0.73056 -0.520273  -0.73056 -0.510174
