Determining if the pthread_create exist failed with the following output:
Change Dir: /home/zcy/Documents/projects/MarvelPhysics/cmake-build-release/CMakeFiles/CMakeTmp

Run Build Command:"/usr/bin/make" "cmTC_f7f15/fast"
/usr/bin/make -f CMakeFiles/cmTC_f7f15.dir/build.make CMakeFiles/cmTC_f7f15.dir/build
make[1]: Entering directory '/home/zcy/Documents/projects/MarvelPhysics/cmake-build-release/CMakeFiles/CMakeTmp'
Building C object CMakeFiles/cmTC_f7f15.dir/CheckSymbolExists.c.o
/usr/bin/cc   -fPIC    -o CMakeFiles/cmTC_f7f15.dir/CheckSymbolExists.c.o   -c /home/zcy/Documents/projects/MarvelPhysics/cmake-build-release/CMakeFiles/CMakeTmp/CheckSymbolExists.c
Linking C executable cmTC_f7f15
/home/zcy/Downloads/clion-2018.3.2/bin/cmake/linux/bin/cmake -E cmake_link_script CMakeFiles/cmTC_f7f15.dir/link.txt --verbose=1
/usr/bin/cc -fPIC     -rdynamic CMakeFiles/cmTC_f7f15.dir/CheckSymbolExists.c.o  -o cmTC_f7f15 
CMakeFiles/cmTC_f7f15.dir/CheckSymbolExists.c.o: In function `main':
CheckSymbolExists.c:(.text+0x1b): undefined reference to `pthread_create'
collect2: error: ld returned 1 exit status
CMakeFiles/cmTC_f7f15.dir/build.make:86: recipe for target 'cmTC_f7f15' failed
make[1]: *** [cmTC_f7f15] Error 1
make[1]: Leaving directory '/home/zcy/Documents/projects/MarvelPhysics/cmake-build-release/CMakeFiles/CMakeTmp'
Makefile:121: recipe for target 'cmTC_f7f15/fast' failed
make: *** [cmTC_f7f15/fast] Error 2

File /home/zcy/Documents/projects/MarvelPhysics/cmake-build-release/CMakeFiles/CMakeTmp/CheckSymbolExists.c:
/* */
#include <pthread.h>

int main(int argc, char** argv)
{
  (void)argv;
#ifndef pthread_create
  return ((int*)(&pthread_create))[argc];
#else
  (void)argc;
  return 0;
#endif
}

Determining if the function pthread_create exists in the pthreads failed with the following output:
Change Dir: /home/zcy/Documents/projects/MarvelPhysics/cmake-build-release/CMakeFiles/CMakeTmp

Run Build Command:"/usr/bin/make" "cmTC_83544/fast"
/usr/bin/make -f CMakeFiles/cmTC_83544.dir/build.make CMakeFiles/cmTC_83544.dir/build
make[1]: Entering directory '/home/zcy/Documents/projects/MarvelPhysics/cmake-build-release/CMakeFiles/CMakeTmp'
Building C object CMakeFiles/cmTC_83544.dir/CheckFunctionExists.c.o
/usr/bin/cc   -fPIC -DCHECK_FUNCTION_EXISTS=pthread_create   -o CMakeFiles/cmTC_83544.dir/CheckFunctionExists.c.o   -c /home/zcy/Downloads/clion-2018.3.2/bin/cmake/linux/share/cmake-3.13/Modules/CheckFunctionExists.c
Linking C executable cmTC_83544
/home/zcy/Downloads/clion-2018.3.2/bin/cmake/linux/bin/cmake -E cmake_link_script CMakeFiles/cmTC_83544.dir/link.txt --verbose=1
/usr/bin/cc -fPIC -DCHECK_FUNCTION_EXISTS=pthread_create    -rdynamic CMakeFiles/cmTC_83544.dir/CheckFunctionExists.c.o  -o cmTC_83544 -lpthreads 
/usr/bin/ld: cannot find -lpthreads
collect2: error: ld returned 1 exit status
CMakeFiles/cmTC_83544.dir/build.make:86: recipe for target 'cmTC_83544' failed
make[1]: *** [cmTC_83544] Error 1
make[1]: Leaving directory '/home/zcy/Documents/projects/MarvelPhysics/cmake-build-release/CMakeFiles/CMakeTmp'
Makefile:121: recipe for target 'cmTC_83544/fast' failed
make: *** [cmTC_83544/fast] Error 2


