Determining if the pthread_create exist failed with the following output:
Change Dir: /home/zcy/Documents/projects/MarvelPhysics/cmake/CMakeFiles/CMakeTmp

Run Build Command:"/usr/bin/make" "cmTC_5340d/fast"
/usr/bin/make -f CMakeFiles/cmTC_5340d.dir/build.make CMakeFiles/cmTC_5340d.dir/build
make[1]: Entering directory '/home/zcy/Documents/projects/MarvelPhysics/cmake/CMakeFiles/CMakeTmp'
Building C object CMakeFiles/cmTC_5340d.dir/CheckSymbolExists.c.o
/usr/bin/cc    -o CMakeFiles/cmTC_5340d.dir/CheckSymbolExists.c.o   -c /home/zcy/Documents/projects/MarvelPhysics/cmake/CMakeFiles/CMakeTmp/CheckSymbolExists.c
Linking C executable cmTC_5340d
/usr/bin/cmake -E cmake_link_script CMakeFiles/cmTC_5340d.dir/link.txt --verbose=1
/usr/bin/cc      -rdynamic CMakeFiles/cmTC_5340d.dir/CheckSymbolExists.c.o  -o cmTC_5340d 
CMakeFiles/cmTC_5340d.dir/CheckSymbolExists.c.o: In function `main':
CheckSymbolExists.c:(.text+0x1b): undefined reference to `pthread_create'
collect2: error: ld returned 1 exit status
CMakeFiles/cmTC_5340d.dir/build.make:97: recipe for target 'cmTC_5340d' failed
make[1]: *** [cmTC_5340d] Error 1
make[1]: Leaving directory '/home/zcy/Documents/projects/MarvelPhysics/cmake/CMakeFiles/CMakeTmp'
Makefile:126: recipe for target 'cmTC_5340d/fast' failed
make: *** [cmTC_5340d/fast] Error 2

File /home/zcy/Documents/projects/MarvelPhysics/cmake/CMakeFiles/CMakeTmp/CheckSymbolExists.c:
/* */
#include <pthread.h>

int main(int argc, char** argv)
{
  (void)argv;
#ifndef pthread_create
  return ((int*)(&pthread_create))[argc];
#else
  (void)argc;
  return 0;
#endif
}

Determining if the function pthread_create exists in the pthreads failed with the following output:
Change Dir: /home/zcy/Documents/projects/MarvelPhysics/cmake/CMakeFiles/CMakeTmp

Run Build Command:"/usr/bin/make" "cmTC_938ef/fast"
/usr/bin/make -f CMakeFiles/cmTC_938ef.dir/build.make CMakeFiles/cmTC_938ef.dir/build
make[1]: Entering directory '/home/zcy/Documents/projects/MarvelPhysics/cmake/CMakeFiles/CMakeTmp'
Building C object CMakeFiles/cmTC_938ef.dir/CheckFunctionExists.c.o
/usr/bin/cc   -DCHECK_FUNCTION_EXISTS=pthread_create   -o CMakeFiles/cmTC_938ef.dir/CheckFunctionExists.c.o   -c /usr/share/cmake-3.10/Modules/CheckFunctionExists.c
Linking C executable cmTC_938ef
/usr/bin/cmake -E cmake_link_script CMakeFiles/cmTC_938ef.dir/link.txt --verbose=1
/usr/bin/cc  -DCHECK_FUNCTION_EXISTS=pthread_create    -rdynamic CMakeFiles/cmTC_938ef.dir/CheckFunctionExists.c.o  -o cmTC_938ef -lpthreads 
/usr/bin/ld: cannot find -lpthreads
collect2: error: ld returned 1 exit status
CMakeFiles/cmTC_938ef.dir/build.make:97: recipe for target 'cmTC_938ef' failed
make[1]: *** [cmTC_938ef] Error 1
make[1]: Leaving directory '/home/zcy/Documents/projects/MarvelPhysics/cmake/CMakeFiles/CMakeTmp'
Makefile:126: recipe for target 'cmTC_938ef/fast' failed
make: *** [cmTC_938ef/fast] Error 2


Determining if the pthread_create exist failed with the following output:
Change Dir: /home/zcy/Documents/projects/MarvelPhysics/cmake/CMakeFiles/CMakeTmp

Run Build Command:"/usr/bin/make" "cmTC_bc9e0/fast"
/usr/bin/make -f CMakeFiles/cmTC_bc9e0.dir/build.make CMakeFiles/cmTC_bc9e0.dir/build
make[1]: Entering directory '/home/zcy/Documents/projects/MarvelPhysics/cmake/CMakeFiles/CMakeTmp'
Building C object CMakeFiles/cmTC_bc9e0.dir/CheckSymbolExists.c.o
/usr/bin/cc    -o CMakeFiles/cmTC_bc9e0.dir/CheckSymbolExists.c.o   -c /home/zcy/Documents/projects/MarvelPhysics/cmake/CMakeFiles/CMakeTmp/CheckSymbolExists.c
Linking C executable cmTC_bc9e0
/usr/bin/cmake -E cmake_link_script CMakeFiles/cmTC_bc9e0.dir/link.txt --verbose=1
/usr/bin/cc      -rdynamic CMakeFiles/cmTC_bc9e0.dir/CheckSymbolExists.c.o  -o cmTC_bc9e0 
CMakeFiles/cmTC_bc9e0.dir/CheckSymbolExists.c.o: In function `main':
CheckSymbolExists.c:(.text+0x1b): undefined reference to `pthread_create'
collect2: error: ld returned 1 exit status
CMakeFiles/cmTC_bc9e0.dir/build.make:97: recipe for target 'cmTC_bc9e0' failed
make[1]: *** [cmTC_bc9e0] Error 1
make[1]: Leaving directory '/home/zcy/Documents/projects/MarvelPhysics/cmake/CMakeFiles/CMakeTmp'
Makefile:126: recipe for target 'cmTC_bc9e0/fast' failed
make: *** [cmTC_bc9e0/fast] Error 2

File /home/zcy/Documents/projects/MarvelPhysics/cmake/CMakeFiles/CMakeTmp/CheckSymbolExists.c:
/* */
#include <pthread.h>

int main(int argc, char** argv)
{
  (void)argv;
#ifndef pthread_create
  return ((int*)(&pthread_create))[argc];
#else
  (void)argc;
  return 0;
#endif
}

Determining if the function pthread_create exists in the pthreads failed with the following output:
Change Dir: /home/zcy/Documents/projects/MarvelPhysics/cmake/CMakeFiles/CMakeTmp

Run Build Command:"/usr/bin/make" "cmTC_6a532/fast"
/usr/bin/make -f CMakeFiles/cmTC_6a532.dir/build.make CMakeFiles/cmTC_6a532.dir/build
make[1]: Entering directory '/home/zcy/Documents/projects/MarvelPhysics/cmake/CMakeFiles/CMakeTmp'
Building C object CMakeFiles/cmTC_6a532.dir/CheckFunctionExists.c.o
/usr/bin/cc   -DCHECK_FUNCTION_EXISTS=pthread_create   -o CMakeFiles/cmTC_6a532.dir/CheckFunctionExists.c.o   -c /usr/share/cmake-3.10/Modules/CheckFunctionExists.c
Linking C executable cmTC_6a532
/usr/bin/cmake -E cmake_link_script CMakeFiles/cmTC_6a532.dir/link.txt --verbose=1
/usr/bin/cc  -DCHECK_FUNCTION_EXISTS=pthread_create    -rdynamic CMakeFiles/cmTC_6a532.dir/CheckFunctionExists.c.o  -o cmTC_6a532 -lpthreads 
/usr/bin/ld: cannot find -lpthreads
collect2: error: ld returned 1 exit status
CMakeFiles/cmTC_6a532.dir/build.make:97: recipe for target 'cmTC_6a532' failed
make[1]: *** [cmTC_6a532] Error 1
make[1]: Leaving directory '/home/zcy/Documents/projects/MarvelPhysics/cmake/CMakeFiles/CMakeTmp'
Makefile:126: recipe for target 'cmTC_6a532/fast' failed
make: *** [cmTC_6a532/fast] Error 2


Determining if the pthread_create exist failed with the following output:
Change Dir: /home/zcy/Documents/projects/MarvelPhysics/cmake/CMakeFiles/CMakeTmp

Run Build Command:"/usr/bin/make" "cmTC_a3ca1/fast"
make[1]: Entering directory '/home/zcy/Documents/projects/MarvelPhysics/cmake/CMakeFiles/CMakeTmp'
/usr/bin/make -f CMakeFiles/cmTC_a3ca1.dir/build.make CMakeFiles/cmTC_a3ca1.dir/build
make[2]: Entering directory '/home/zcy/Documents/projects/MarvelPhysics/cmake/CMakeFiles/CMakeTmp'
Building C object CMakeFiles/cmTC_a3ca1.dir/CheckSymbolExists.c.o
/usr/bin/cc    -o CMakeFiles/cmTC_a3ca1.dir/CheckSymbolExists.c.o   -c /home/zcy/Documents/projects/MarvelPhysics/cmake/CMakeFiles/CMakeTmp/CheckSymbolExists.c
Linking C executable cmTC_a3ca1
/usr/bin/cmake -E cmake_link_script CMakeFiles/cmTC_a3ca1.dir/link.txt --verbose=1
/usr/bin/cc      -rdynamic CMakeFiles/cmTC_a3ca1.dir/CheckSymbolExists.c.o  -o cmTC_a3ca1 
CMakeFiles/cmTC_a3ca1.dir/CheckSymbolExists.c.o: In function `main':
CheckSymbolExists.c:(.text+0x1b): undefined reference to `pthread_create'
collect2: error: ld returned 1 exit status
CMakeFiles/cmTC_a3ca1.dir/build.make:97: recipe for target 'cmTC_a3ca1' failed
make[2]: *** [cmTC_a3ca1] Error 1
make[2]: Leaving directory '/home/zcy/Documents/projects/MarvelPhysics/cmake/CMakeFiles/CMakeTmp'
Makefile:126: recipe for target 'cmTC_a3ca1/fast' failed
make[1]: *** [cmTC_a3ca1/fast] Error 2
make[1]: Leaving directory '/home/zcy/Documents/projects/MarvelPhysics/cmake/CMakeFiles/CMakeTmp'

File /home/zcy/Documents/projects/MarvelPhysics/cmake/CMakeFiles/CMakeTmp/CheckSymbolExists.c:
/* */
#include <pthread.h>

int main(int argc, char** argv)
{
  (void)argv;
#ifndef pthread_create
  return ((int*)(&pthread_create))[argc];
#else
  (void)argc;
  return 0;
#endif
}

Determining if the function pthread_create exists in the pthreads failed with the following output:
Change Dir: /home/zcy/Documents/projects/MarvelPhysics/cmake/CMakeFiles/CMakeTmp

Run Build Command:"/usr/bin/make" "cmTC_1b23e/fast"
make[1]: Entering directory '/home/zcy/Documents/projects/MarvelPhysics/cmake/CMakeFiles/CMakeTmp'
/usr/bin/make -f CMakeFiles/cmTC_1b23e.dir/build.make CMakeFiles/cmTC_1b23e.dir/build
make[2]: Entering directory '/home/zcy/Documents/projects/MarvelPhysics/cmake/CMakeFiles/CMakeTmp'
Building C object CMakeFiles/cmTC_1b23e.dir/CheckFunctionExists.c.o
/usr/bin/cc   -DCHECK_FUNCTION_EXISTS=pthread_create   -o CMakeFiles/cmTC_1b23e.dir/CheckFunctionExists.c.o   -c /usr/share/cmake-3.10/Modules/CheckFunctionExists.c
Linking C executable cmTC_1b23e
/usr/bin/cmake -E cmake_link_script CMakeFiles/cmTC_1b23e.dir/link.txt --verbose=1
/usr/bin/cc  -DCHECK_FUNCTION_EXISTS=pthread_create    -rdynamic CMakeFiles/cmTC_1b23e.dir/CheckFunctionExists.c.o  -o cmTC_1b23e -lpthreads 
/usr/bin/ld: cannot find -lpthreads
collect2: error: ld returned 1 exit status
CMakeFiles/cmTC_1b23e.dir/build.make:97: recipe for target 'cmTC_1b23e' failed
make[2]: *** [cmTC_1b23e] Error 1
make[2]: Leaving directory '/home/zcy/Documents/projects/MarvelPhysics/cmake/CMakeFiles/CMakeTmp'
Makefile:126: recipe for target 'cmTC_1b23e/fast' failed
make[1]: *** [cmTC_1b23e/fast] Error 2
make[1]: Leaving directory '/home/zcy/Documents/projects/MarvelPhysics/cmake/CMakeFiles/CMakeTmp'


